# JRE version: OpenJDK Runtime Environment (8.0_76-b03) (build 1.8.0_76-release-b03)
# Java VM: OpenJDK 64-Bit Server VM (25.76-b03 mixed mode linux-amd64 compressed oops)
Heap:
 PSYoungGen      total 1083904K, used 37252K [0x000000076ab00000, 0x00000007c0000000, 0x00000007c0000000)
  eden space 791552K, 0% used [0x000000076ab00000,0x000000076ab00000,0x000000079b000000)
  from space 292352K, 12% used [0x00000007ae280000,0x00000007b06e11f0,0x00000007c0000000)
  to   space 303104K, 0% used [0x000000079b000000,0x000000079b000000,0x00000007ad800000)
 ParOldGen       total 663552K, used 663148K [0x00000006c0000000, 0x00000006e8800000, 0x000000076ab00000)
  object space 663552K, 99% used [0x00000006c0000000,0x00000006e879b1f8,0x00000006e8800000)
 Metaspace       used 6564K, capacity 7280K, committed 7552K, reserved 1056768K
  class space    used 596K, capacity 616K, committed 640K, reserved 1048576K
GC Heap History (10 events):
Event: 54.607 GC heap after
Heap after GC invocations=16 (full 3):
 PSYoungGen      total 823296K, used 140790K [0x000000076ab00000, 0x00000007b4e00000, 0x00000007c0000000)
  eden space 682496K, 0% used [0x000000076ab00000,0x000000076ab00000,0x0000000794580000)
  from space 140800K, 99% used [0x0000000794580000,0x000000079cefdbf8,0x000000079cf00000)
  to   space 195584K, 0% used [0x00000007a8f00000,0x00000007a8f00000,0x00000007b4e00000)
 ParOldGen       total 427008K, used 348547K [0x00000006c0000000, 0x00000006da100000, 0x000000076ab00000)
  object space 427008K, 81% used [0x00000006c0000000,0x00000006d5460d10,0x00000006da100000)
 Metaspace       used 6562K, capacity 7280K, committed 7552K, reserved 1056768K
  class space    used 595K, capacity 616K, committed 640K, reserved 1048576K
}
Event: 70.267 GC heap before
{Heap before GC invocations=17 (full 3):
 PSYoungGen      total 823296K, used 823286K [0x000000076ab00000, 0x00000007b4e00000, 0x00000007c0000000)
  eden space 682496K, 100% used [0x000000076ab00000,0x0000000794580000,0x0000000794580000)
  from space 140800K, 99% used [0x0000000794580000,0x000000079cefdbf8,0x000000079cf00000)
  to   space 195584K, 0% used [0x00000007a8f00000,0x00000007a8f00000,0x00000007b4e00000)
 ParOldGen       total 427008K, used 348547K [0x00000006c0000000, 0x00000006da100000, 0x000000076ab00000)
  object space 427008K, 81% used [0x00000006c0000000,0x00000006d5460d10,0x00000006da100000)
 Metaspace       used 6562K, capacity 7280K, committed 7552K, reserved 1056768K
  class space    used 595K, capacity 616K, committed 640K, reserved 1048576K
Event: 71.675 GC heap after
Heap after GC invocations=17 (full 3):
 PSYoungGen      total 988160K, used 188353K [0x000000076ab00000, 0x00000007b8900000, 0x00000007c0000000)
  eden space 792576K, 0% used [0x000000076ab00000,0x000000076ab00000,0x000000079b100000)
  from space 195584K, 96% used [0x00000007a8f00000,0x00000007b46f07d8,0x00000007b4e00000)
  to   space 227328K, 0% used [0x000000079b100000,0x000000079b100000,0x00000007a8f00000)
 ParOldGen       total 427008K, used 425739K [0x00000006c0000000, 0x00000006da100000, 0x000000076ab00000)
  object space 427008K, 99% used [0x00000006c0000000,0x00000006d9fc2de0,0x00000006da100000)
 Metaspace       used 6562K, capacity 7280K, committed 7552K, reserved 1056768K
  class space    used 595K, capacity 616K, committed 640K, reserved 1048576K
}
Event: 71.675 GC heap before
{Heap before GC invocations=18 (full 4):
 PSYoungGen      total 988160K, used 188353K [0x000000076ab00000, 0x00000007b8900000, 0x00000007c0000000)
  eden space 792576K, 0% used [0x000000076ab00000,0x000000076ab00000,0x000000079b100000)
  from space 195584K, 96% used [0x00000007a8f00000,0x00000007b46f07d8,0x00000007b4e00000)
  to   space 227328K, 0% used [0x000000079b100000,0x000000079b100000,0x00000007a8f00000)
 ParOldGen       total 427008K, used 425739K [0x00000006c0000000, 0x00000006da100000, 0x000000076ab00000)
  object space 427008K, 99% used [0x00000006c0000000,0x00000006d9fc2de0,0x00000006da100000)
 Metaspace       used 6562K, capacity 7280K, committed 7552K, reserved 1056768K
  class space    used 595K, capacity 616K, committed 640K, reserved 1048576K
Event: 77.074 GC heap after
Heap after GC invocations=18 (full 4):
 PSYoungGen      total 988160K, used 168792K [0x000000076ab00000, 0x00000007b8900000, 0x00000007c0000000)
  eden space 792576K, 0% used [0x000000076ab00000,0x000000076ab00000,0x000000079b100000)
  from space 195584K, 86% used [0x00000007a8f00000,0x00000007b33d63c8,0x00000007b4e00000)
  to   space 227328K, 0% used [0x000000079b100000,0x000000079b100000,0x00000007a8f00000)
 ParOldGen       total 663552K, used 426652K [0x00000006c0000000, 0x00000006e8800000, 0x000000076ab00000)
  object space 663552K, 64% used [0x00000006c0000000,0x00000006da0a7110,0x00000006e8800000)
 Metaspace       used 6562K, capacity 7280K, committed 7552K, reserved 1056768K
  class space    used 595K, capacity 616K, committed 640K, reserved 1048576K
}
Event: 88.210 GC heap before
{Heap before GC invocations=19 (full 4):
 PSYoungGen      total 988160K, used 961368K [0x000000076ab00000, 0x00000007b8900000, 0x00000007c0000000)
  eden space 792576K, 100% used [0x000000076ab00000,0x000000079b100000,0x000000079b100000)
  from space 195584K, 86% used [0x00000007a8f00000,0x00000007b33d63c8,0x00000007b4e00000)
  to   space 227328K, 0% used [0x000000079b100000,0x000000079b100000,0x00000007a8f00000)
 ParOldGen       total 663552K, used 426652K [0x00000006c0000000, 0x00000006e8800000, 0x000000076ab00000)
  object space 663552K, 64% used [0x00000006c0000000,0x00000006da0a7110,0x00000006e8800000)
 Metaspace       used 6564K, capacity 7280K, committed 7552K, reserved 1056768K
  class space    used 595K, capacity 616K, committed 640K, reserved 1048576K
Event: 89.664 GC heap after
Heap after GC invocations=19 (full 4):
 PSYoungGen      total 1019904K, used 227313K [0x000000076ab00000, 0x00000007c0000000, 0x00000007c0000000)
  eden space 792576K, 0% used [0x000000076ab00000,0x000000076ab00000,0x000000079b100000)
  from space 227328K, 99% used [0x000000079b100000,0x00000007a8efc4e0,0x00000007a8f00000)
  to   space 292352K, 0% used [0x00000007ae280000,0x00000007ae280000,0x00000007c0000000)
 ParOldGen       total 663552K, used 493635K [0x00000006c0000000, 0x00000006e8800000, 0x000000076ab00000)
  object space 663552K, 74% used [0x00000006c0000000,0x00000006de210db0,0x00000006e8800000)
 Metaspace       used 6564K, capacity 7280K, committed 7552K, reserved 1056768K
  class space    used 595K, capacity 616K, committed 640K, reserved 1048576K
}
Event: 100.049 GC heap before
{Heap before GC invocations=20 (full 4):
 PSYoungGen      total 1019904K, used 1019889K [0x000000076ab00000, 0x00000007c0000000, 0x00000007c0000000)
  eden space 792576K, 100% used [0x000000076ab00000,0x000000079b100000,0x000000079b100000)
  from space 227328K, 99% used [0x000000079b100000,0x00000007a8efc4e0,0x00000007a8f00000)
  to   space 292352K, 0% used [0x00000007ae280000,0x00000007ae280000,0x00000007c0000000)
 ParOldGen       total 663552K, used 493635K [0x00000006c0000000, 0x00000006e8800000, 0x000000076ab00000)
  object space 663552K, 74% used [0x00000006c0000000,0x00000006de210db0,0x00000006e8800000)
 Metaspace       used 6564K, capacity 7280K, committed 7552K, reserved 1056768K
  class space    used 596K, capacity 616K, committed 640K, reserved 1048576K
Event: 101.728 GC heap after
Heap after GC invocations=20 (full 4):
 PSYoungGen      total 1083904K, used 182164K [0x000000076ab00000, 0x00000007c0000000, 0x00000007c0000000)
  eden space 791552K, 0% used [0x000000076ab00000,0x000000076ab00000,0x000000079b000000)
  from space 292352K, 62% used [0x00000007ae280000,0x00000007b94652d0,0x00000007c0000000)
  to   space 303104K, 0% used [0x000000079b000000,0x000000079b000000,0x00000007ad800000)
 ParOldGen       total 663552K, used 638189K [0x00000006c0000000, 0x00000006e8800000, 0x000000076ab00000)
  object space 663552K, 96% used [0x00000006c0000000,0x00000006e6f3b630,0x00000006e8800000)
 Metaspace       used 6564K, capacity 7280K, committed 7552K, reserved 1056768K
  class space    used 596K, capacity 616K, committed 640K, reserved 1048576K
}
Event: 101.728 GC heap before
{Heap before GC invocations=21 (full 5):
 PSYoungGen      total 1083904K, used 182164K [0x000000076ab00000, 0x00000007c0000000, 0x00000007c0000000)
  eden space 791552K, 0% used [0x000000076ab00000,0x000000076ab00000,0x000000079b000000)
  from space 292352K, 62% used [0x00000007ae280000,0x00000007b94652d0,0x00000007c0000000)
  to   space 303104K, 0% used [0x000000079b000000,0x000000079b000000,0x00000007ad800000)
 ParOldGen       total 663552K, used 638189K [0x00000006c0000000, 0x00000006e8800000, 0x000000076ab00000)
  object space 663552K, 96% used [0x00000006c0000000,0x00000006e6f3b630,0x00000006e8800000)
 Metaspace       used 6564K, capacity 7280K, committed 7552K, reserved 1056768K
  class space    used 596K, capacity 616K, committed 640K, reserved 1048576K

