# JRE version: OpenJDK Runtime Environment (8.0_152-b01) (build 1.8.0_152-release-915-b01)
# Java VM: OpenJDK 64-Bit Server VM (25.152-b01 mixed mode linux-amd64 compressed oops)
Heap:
 PSYoungGen      total 265728K, used 47096K [0x000000076ab00000, 0x000000077f100000, 0x00000007c0000000)
  eden space 218624K, 0% used [0x000000076ab00000,0x000000076ab00000,0x0000000778080000)
  from space 47104K, 99% used [0x0000000778080000,0x000000077ae7e370,0x000000077ae80000)
  to   space 26112K, 0% used [0x000000077ae80000,0x000000077ae80000,0x000000077c800000)
 ParOldGen       total 150528K, used 97584K [0x00000006c0000000, 0x00000006c9300000, 0x000000076ab00000)
  object space 150528K, 64% used [0x00000006c0000000,0x00000006c5f4c140,0x00000006c9300000)
 Metaspace       used 6527K, capacity 7256K, committed 7424K, reserved 1056768K
  class space    used 611K, capacity 656K, committed 768K, reserved 1048576K
GC Heap History (10 events):
Event: 24.730 GC heap after
Heap after GC invocations=5 (full 0):
 PSYoungGen      total 66048K, used 4596K [0x000000076ab00000, 0x0000000773d00000, 0x00000007c0000000)
  eden space 61440K, 0% used [0x000000076ab00000,0x000000076ab00000,0x000000076e700000)
  from space 4608K, 99% used [0x000000076e700000,0x000000076eb7d140,0x000000076eb80000)
  to   space 13312K, 0% used [0x0000000773000000,0x0000000773000000,0x0000000773d00000)
 ParOldGen       total 80896K, used 20675K [0x00000006c0000000, 0x00000006c4f00000, 0x000000076ab00000)
  object space 80896K, 25% used [0x00000006c0000000,0x00000006c1430ce0,0x00000006c4f00000)
 Metaspace       used 6301K, capacity 7128K, committed 7424K, reserved 1056768K
  class space    used 608K, capacity 656K, committed 768K, reserved 1048576K
}
Event: 27.425 GC heap before
{Heap before GC invocations=6 (full 0):
 PSYoungGen      total 66048K, used 66036K [0x000000076ab00000, 0x0000000773d00000, 0x00000007c0000000)
  eden space 61440K, 100% used [0x000000076ab00000,0x000000076e700000,0x000000076e700000)
  from space 4608K, 99% used [0x000000076e700000,0x000000076eb7d140,0x000000076eb80000)
  to   space 13312K, 0% used [0x0000000773000000,0x0000000773000000,0x0000000773d00000)
 ParOldGen       total 80896K, used 20675K [0x00000006c0000000, 0x00000006c4f00000, 0x000000076ab00000)
  object space 80896K, 25% used [0x00000006c0000000,0x00000006c1430ce0,0x00000006c4f00000)
 Metaspace       used 6413K, capacity 7192K, committed 7424K, reserved 1056768K
  class space    used 608K, capacity 656K, committed 768K, reserved 1048576K
Event: 27.633 GC heap after
Heap after GC invocations=6 (full 0):
 PSYoungGen      total 133120K, used 13310K [0x000000076ab00000, 0x0000000774300000, 0x00000007c0000000)
  eden space 119808K, 0% used [0x000000076ab00000,0x000000076ab00000,0x0000000772000000)
  from space 13312K, 99% used [0x0000000773000000,0x0000000773cffa50,0x0000000773d00000)
  to   space 16384K, 0% used [0x0000000772000000,0x0000000772000000,0x0000000773000000)
 ParOldGen       total 80896K, used 22905K [0x00000006c0000000, 0x00000006c4f00000, 0x000000076ab00000)
  object space 80896K, 28% used [0x00000006c0000000,0x00000006c165e490,0x00000006c4f00000)
 Metaspace       used 6413K, capacity 7192K, committed 7424K, reserved 1056768K
  class space    used 608K, capacity 656K, committed 768K, reserved 1048576K
}
Event: 32.430 GC heap before
{Heap before GC invocations=7 (full 0):
 PSYoungGen      total 133120K, used 133118K [0x000000076ab00000, 0x0000000774300000, 0x00000007c0000000)
  eden space 119808K, 100% used [0x000000076ab00000,0x0000000772000000,0x0000000772000000)
  from space 13312K, 99% used [0x0000000773000000,0x0000000773cffa50,0x0000000773d00000)
  to   space 16384K, 0% used [0x0000000772000000,0x0000000772000000,0x0000000773000000)
 ParOldGen       total 80896K, used 22905K [0x00000006c0000000, 0x00000006c4f00000, 0x000000076ab00000)
  object space 80896K, 28% used [0x00000006c0000000,0x00000006c165e490,0x00000006c4f00000)
 Metaspace       used 6505K, capacity 7256K, committed 7424K, reserved 1056768K
  class space    used 608K, capacity 656K, committed 768K, reserved 1048576K
Event: 33.007 GC heap after
Heap after GC invocations=7 (full 0):
 PSYoungGen      total 136192K, used 16370K [0x000000076ab00000, 0x000000077c800000, 0x00000007c0000000)
  eden space 119808K, 0% used [0x000000076ab00000,0x000000076ab00000,0x0000000772000000)
  from space 16384K, 99% used [0x0000000772000000,0x0000000772ffc828,0x0000000773000000)
  to   space 26112K, 0% used [0x000000077ae80000,0x000000077ae80000,0x000000077c800000)
 ParOldGen       total 80896K, used 37380K [0x00000006c0000000, 0x00000006c4f00000, 0x000000076ab00000)
  object space 80896K, 46% used [0x00000006c0000000,0x00000006c24811c0,0x00000006c4f00000)
 Metaspace       used 6505K, capacity 7256K, committed 7424K, reserved 1056768K
  class space    used 608K, capacity 656K, committed 768K, reserved 1048576K
}
Event: 72.010 GC heap before
{Heap before GC invocations=8 (full 0):
 PSYoungGen      total 136192K, used 136178K [0x000000076ab00000, 0x000000077c800000, 0x00000007c0000000)
  eden space 119808K, 100% used [0x000000076ab00000,0x0000000772000000,0x0000000772000000)
  from space 16384K, 99% used [0x0000000772000000,0x0000000772ffc828,0x0000000773000000)
  to   space 26112K, 0% used [0x000000077ae80000,0x000000077ae80000,0x000000077c800000)
 ParOldGen       total 80896K, used 37380K [0x00000006c0000000, 0x00000006c4f00000, 0x000000076ab00000)
  object space 80896K, 46% used [0x00000006c0000000,0x00000006c24811c0,0x00000006c4f00000)
 Metaspace       used 6526K, capacity 7256K, committed 7424K, reserved 1056768K
  class space    used 611K, capacity 656K, committed 768K, reserved 1048576K
Event: 72.525 GC heap after
Heap after GC invocations=8 (full 0):
 PSYoungGen      total 244736K, used 26089K [0x000000076ab00000, 0x000000077f100000, 0x00000007c0000000)
  eden space 218624K, 0% used [0x000000076ab00000,0x000000076ab00000,0x0000000778080000)
  from space 26112K, 99% used [0x000000077ae80000,0x000000077c7fa5f8,0x000000077c800000)
  to   space 47104K, 0% used [0x0000000778080000,0x0000000778080000,0x000000077ae80000)
 ParOldGen       total 80896K, used 75992K [0x00000006c0000000, 0x00000006c4f00000, 0x000000076ab00000)
  object space 80896K, 93% used [0x00000006c0000000,0x00000006c4a361b0,0x00000006c4f00000)
 Metaspace       used 6526K, capacity 7256K, committed 7424K, reserved 1056768K
  class space    used 611K, capacity 656K, committed 768K, reserved 1048576K
}
Event: 73.123 GC heap before
{Heap before GC invocations=9 (full 1):
 PSYoungGen      total 244736K, used 26089K [0x000000076ab00000, 0x000000077f100000, 0x00000007c0000000)
  eden space 218624K, 0% used [0x000000076ab00000,0x000000076ab00000,0x0000000778080000)
  from space 26112K, 99% used [0x000000077ae80000,0x000000077c7fa5f8,0x000000077c800000)
  to   space 47104K, 0% used [0x0000000778080000,0x0000000778080000,0x000000077ae80000)
 ParOldGen       total 80896K, used 75992K [0x00000006c0000000, 0x00000006c4f00000, 0x000000076ab00000)
  object space 80896K, 93% used [0x00000006c0000000,0x00000006c4a361b0,0x00000006c4f00000)
 Metaspace       used 6526K, capacity 7256K, committed 7424K, reserved 1056768K
  class space    used 611K, capacity 656K, committed 768K, reserved 1048576K
Event: 76.709 GC heap after
Heap after GC invocations=9 (full 1):
 PSYoungGen      total 244736K, used 6497K [0x000000076ab00000, 0x000000077f100000, 0x00000007c0000000)
  eden space 218624K, 0% used [0x000000076ab00000,0x000000076ab00000,0x0000000778080000)
  from space 26112K, 24% used [0x000000077ae80000,0x000000077b4d87d0,0x000000077c800000)
  to   space 47104K, 0% used [0x0000000778080000,0x0000000778080000,0x000000077ae80000)
 ParOldGen       total 150528K, used 80761K [0x00000006c0000000, 0x00000006c9300000, 0x000000076ab00000)
  object space 150528K, 53% used [0x00000006c0000000,0x00000006c4ede4a8,0x00000006c9300000)
 Metaspace       used 6526K, capacity 7256K, committed 7424K, reserved 1056768K
  class space    used 611K, capacity 656K, committed 768K, reserved 1048576K
}
Event: 142.567 GC heap before
{Heap before GC invocations=10 (full 1):
 PSYoungGen      total 244736K, used 225121K [0x000000076ab00000, 0x000000077f100000, 0x00000007c0000000)
  eden space 218624K, 100% used [0x000000076ab00000,0x0000000778080000,0x0000000778080000)
  from space 26112K, 24% used [0x000000077ae80000,0x000000077b4d87d0,0x000000077c800000)
  to   space 47104K, 0% used [0x0000000778080000,0x0000000778080000,0x000000077ae80000)
 ParOldGen       total 150528K, used 80761K [0x00000006c0000000, 0x00000006c9300000, 0x000000076ab00000)
  object space 150528K, 53% used [0x00000006c0000000,0x00000006c4ede4a8,0x00000006c9300000)
 Metaspace       used 6527K, capacity 7256K, committed 7424K, reserved 1056768K
  class space    used 611K, capacity 656K, committed 768K, reserved 1048576K

