# JRE version: OpenJDK Runtime Environment (8.0_76-b03) (build 1.8.0_76-release-b03)
# Java VM: OpenJDK 64-Bit Server VM (25.76-b03 mixed mode linux-amd64 compressed oops)
Heap:
 PSYoungGen      total 1090048K, used 0K [0x000000076ab00000, 0x00000007c0000000, 0x00000007c0000000)
  eden space 850432K, 0% used [0x000000076ab00000,0x000000076ab00000,0x000000079e980000)
  from space 239616K, 0% used [0x000000079e980000,0x000000079e980000,0x00000007ad380000)
  to   space 304128K, 0% used [0x00000007ad700000,0x00000007ad700000,0x00000007c0000000)
 ParOldGen       total 894976K, used 862930K [0x00000006c0000000, 0x00000006f6a00000, 0x000000076ab00000)
  object space 894976K, 96% used [0x00000006c0000000,0x00000006f4ab4aa0,0x00000006f6a00000)
 Metaspace       used 6703K, capacity 7348K, committed 7552K, reserved 1056768K
  class space    used 604K, capacity 620K, committed 640K, reserved 1048576K
GC Heap History (10 events):
Event: 71.404 GC heap after
Heap after GC invocations=17 (full 4):
 PSYoungGen      total 867840K, used 85777K [0x000000076ab00000, 0x00000007ba680000, 0x00000007c0000000)
  eden space 707584K, 0% used [0x000000076ab00000,0x000000076ab00000,0x0000000795e00000)
  from space 160256K, 53% used [0x0000000795e00000,0x000000079b1c45d8,0x000000079fa80000)
  to   space 216064K, 0% used [0x00000007ad380000,0x00000007ad380000,0x00000007ba680000)
 ParOldGen       total 615936K, used 412049K [0x00000006c0000000, 0x00000006e5980000, 0x000000076ab00000)
  object space 615936K, 66% used [0x00000006c0000000,0x00000006d9264490,0x00000006e5980000)
 Metaspace       used 6592K, capacity 7280K, committed 7552K, reserved 1056768K
  class space    used 596K, capacity 616K, committed 640K, reserved 1048576K
}
Event: 84.517 GC heap before
{Heap before GC invocations=18 (full 4):
 PSYoungGen      total 867840K, used 793361K [0x000000076ab00000, 0x00000007ba680000, 0x00000007c0000000)
  eden space 707584K, 100% used [0x000000076ab00000,0x0000000795e00000,0x0000000795e00000)
  from space 160256K, 53% used [0x0000000795e00000,0x000000079b1c45d8,0x000000079fa80000)
  to   space 216064K, 0% used [0x00000007ad380000,0x00000007ad380000,0x00000007ba680000)
 ParOldGen       total 615936K, used 412049K [0x00000006c0000000, 0x00000006e5980000, 0x000000076ab00000)
  object space 615936K, 66% used [0x00000006c0000000,0x00000006d9264490,0x00000006e5980000)
 Metaspace       used 6595K, capacity 7280K, committed 7552K, reserved 1056768K
  class space    used 597K, capacity 616K, committed 640K, reserved 1048576K
Event: 85.521 GC heap after
Heap after GC invocations=18 (full 4):
 PSYoungGen      total 1066496K, used 175403K [0x000000076ab00000, 0x00000007bc980000, 0x00000007c0000000)
  eden space 850432K, 0% used [0x000000076ab00000,0x000000076ab00000,0x000000079e980000)
  from space 216064K, 81% used [0x00000007ad380000,0x00000007b7ecadc0,0x00000007ba680000)
  to   space 239616K, 0% used [0x000000079e980000,0x000000079e980000,0x00000007ad380000)
 ParOldGen       total 615936K, used 456613K [0x00000006c0000000, 0x00000006e5980000, 0x000000076ab00000)
  object space 615936K, 74% used [0x00000006c0000000,0x00000006dbde9510,0x00000006e5980000)
 Metaspace       used 6595K, capacity 7280K, committed 7552K, reserved 1056768K
  class space    used 597K, capacity 616K, committed 640K, reserved 1048576K
}
Event: 91.991 GC heap before
{Heap before GC invocations=19 (full 4):
 PSYoungGen      total 1066496K, used 1025835K [0x000000076ab00000, 0x00000007bc980000, 0x00000007c0000000)
  eden space 850432K, 100% used [0x000000076ab00000,0x000000079e980000,0x000000079e980000)
  from space 216064K, 81% used [0x00000007ad380000,0x00000007b7ecadc0,0x00000007ba680000)
  to   space 239616K, 0% used [0x000000079e980000,0x000000079e980000,0x00000007ad380000)
 ParOldGen       total 615936K, used 456613K [0x00000006c0000000, 0x00000006e5980000, 0x000000076ab00000)
  object space 615936K, 74% used [0x00000006c0000000,0x00000006dbde9510,0x00000006e5980000)
 Metaspace       used 6595K, capacity 7280K, committed 7552K, reserved 1056768K
  class space    used 598K, capacity 616K, committed 640K, reserved 1048576K
Event: 92.958 GC heap after
Heap after GC invocations=19 (full 4):
 PSYoungGen      total 1090048K, used 239601K [0x000000076ab00000, 0x00000007c0000000, 0x00000007c0000000)
  eden space 850432K, 0% used [0x000000076ab00000,0x000000076ab00000,0x000000079e980000)
  from space 239616K, 99% used [0x000000079e980000,0x00000007ad37c5e8,0x00000007ad380000)
  to   space 304128K, 0% used [0x00000007ad700000,0x00000007ad700000,0x00000007c0000000)
 ParOldGen       total 615936K, used 517799K [0x00000006c0000000, 0x00000006e5980000, 0x000000076ab00000)
  object space 615936K, 84% used [0x00000006c0000000,0x00000006df9a9f90,0x00000006e5980000)
 Metaspace       used 6595K, capacity 7280K, committed 7552K, reserved 1056768K
  class space    used 598K, capacity 616K, committed 640K, reserved 1048576K
}
Event: 101.676 GC heap before
{Heap before GC invocations=20 (full 4):
 PSYoungGen      total 1090048K, used 1090033K [0x000000076ab00000, 0x00000007c0000000, 0x00000007c0000000)
  eden space 850432K, 100% used [0x000000076ab00000,0x000000079e980000,0x000000079e980000)
  from space 239616K, 99% used [0x000000079e980000,0x00000007ad37c5e8,0x00000007ad380000)
  to   space 304128K, 0% used [0x00000007ad700000,0x00000007ad700000,0x00000007c0000000)
 ParOldGen       total 615936K, used 517799K [0x00000006c0000000, 0x00000006e5980000, 0x000000076ab00000)
  object space 615936K, 84% used [0x00000006c0000000,0x00000006df9a9f90,0x00000006e5980000)
 Metaspace       used 6596K, capacity 7280K, committed 7552K, reserved 1056768K
  class space    used 598K, capacity 616K, committed 640K, reserved 1048576K
Event: 103.311 GC heap after
Heap after GC invocations=20 (full 4):
 PSYoungGen      total 1090048K, used 1090033K [0x000000076ab00000, 0x00000007c0000000, 0x00000007c0000000)
  eden space 850432K, 100% used [0x000000076ab00000,0x000000079e980000,0x000000079e980000)
  from space 239616K, 99% used [0x000000079e980000,0x00000007ad37c5e8,0x00000007ad380000)
  to   space 304128K, 60% used [0x00000007ad700000,0x00000007b8bed7e8,0x00000007c0000000)
 ParOldGen       total 646144K, used 645916K [0x00000006c0000000, 0x00000006e7700000, 0x000000076ab00000)
  object space 646144K, 99% used [0x00000006c0000000,0x00000006e76c72b8,0x00000006e7700000)
 Metaspace       used 6596K, capacity 7280K, committed 7552K, reserved 1056768K
  class space    used 598K, capacity 616K, committed 640K, reserved 1048576K
}
Event: 103.311 GC heap before
{Heap before GC invocations=21 (full 5):
 PSYoungGen      total 1090048K, used 1090033K [0x000000076ab00000, 0x00000007c0000000, 0x00000007c0000000)
  eden space 850432K, 100% used [0x000000076ab00000,0x000000079e980000,0x000000079e980000)
  from space 239616K, 99% used [0x000000079e980000,0x00000007ad37c5e8,0x00000007ad380000)
  to   space 304128K, 60% used [0x00000007ad700000,0x00000007b8bed7e8,0x00000007c0000000)
 ParOldGen       total 646144K, used 645916K [0x00000006c0000000, 0x00000006e7700000, 0x000000076ab00000)
  object space 646144K, 99% used [0x00000006c0000000,0x00000006e76c72b8,0x00000006e7700000)
 Metaspace       used 6596K, capacity 7280K, committed 7552K, reserved 1056768K
  class space    used 598K, capacity 616K, committed 640K, reserved 1048576K
Event: 109.917 GC heap after
Heap after GC invocations=21 (full 5):
 PSYoungGen      total 1090048K, used 0K [0x000000076ab00000, 0x00000007c0000000, 0x00000007c0000000)
  eden space 850432K, 0% used [0x000000076ab00000,0x000000076ab00000,0x000000079e980000)
  from space 239616K, 0% used [0x000000079e980000,0x000000079e980000,0x00000007ad380000)
  to   space 304128K, 33% used [0x00000007ad700000,0x00000007b3b20278,0x00000007c0000000)
 ParOldGen       total 894976K, used 645660K [0x00000006c0000000, 0x00000006f6a00000, 0x000000076ab00000)
  object space 894976K, 72% used [0x00000006c0000000,0x00000006e76871b8,0x00000006f6a00000)
 Metaspace       used 6596K, capacity 7280K, committed 7552K, reserved 1056768K
  class space    used 598K, capacity 616K, committed 640K, reserved 1048576K
}
Event: 117.504 GC heap before
{Heap before GC invocations=22 (full 6):
 PSYoungGen      total 1090048K, used 850432K [0x000000076ab00000, 0x00000007c0000000, 0x00000007c0000000)
  eden space 850432K, 100% used [0x000000076ab00000,0x000000079e980000,0x000000079e980000)
  from space 239616K, 0% used [0x000000079e980000,0x000000079e980000,0x00000007ad380000)
  to   space 304128K, 33% used [0x00000007ad700000,0x00000007b3b20278,0x00000007c0000000)
 ParOldGen       total 894976K, used 645660K [0x00000006c0000000, 0x00000006f6a00000, 0x000000076ab00000)
  object space 894976K, 72% used [0x00000006c0000000,0x00000006e76871b8,0x00000006f6a00000)
 Metaspace       used 6703K, capacity 7348K, committed 7552K, reserved 1056768K
  class space    used 604K, capacity 620K, committed 640K, reserved 1048576K

